89 15
INT     MMD     MM2     XYZ     ALC     HAD     MCML    C3D     SYB     MOL     MAP     DRE     XED     HYB     M3D
X       62      0       X       Du      0       X       0       Du      26      X       X       21      0       un.0
Mn      62      0       Mn      Du      0       M       258     Du      26      Mn      Mn      20      0       Mn.0
Fe      62      0       Fe      Du      0       M       266     Du      26      Fe      Fe      20      0       Fe.6
Li      62      0       Li      LI      0       M       258     Du      26      Mn      Mn      20      0       Li.0
Du      61      0       Du      Du      0       Z       0       Du      26      Du      Du      20      0       un.0
C3      3       1       C       C3      4       C       64      C.3     1       C3      C_3     1       3       C.4
C2      2       2       C       C2      3       C       63      C.2     2       C2      C_2     2       2       C.3
C2      2       38      C       C2      3       C       63      C.2     2       C2      C_2     2       2       C.3
C1      1       4       C       C1      2       C       62      C.1     4       C1      C_1     4       1       C.2
Cac     2       3       C       C2      0       C       63      C.2     2       C2      C_2     2       2       C.3
Cbl     2       3       C       C2      3       C       63      C.2     2       C2      C_2     2       2       C.3
C-      10      27      C       C3      4       C       64      C.3     1       C3      C_3     1       2       C.4
N3+     32      39      N       N3+     4       N       79      N.4     31      N3      N_3     5       3       N.4
N3      26      8       N       N3      3       N       73      N.3     5       N3      N_3     6       3       N.4
N2      25      9       N       NPL3    2       N       72      N.pl3   19      N2      N_2     8       2       N.3
N2+     25      9       N       NPL3    2       N       72      N.pl3   19      N2      N_2     8       2       N.3
Npl     25      9       N       NPL3    3       N       72      N.pl3   19      N2      N_2     9       2       N.3
Naz     25      37      N       N2      0       N       72      N.2     6       N2      N_2     7       2       N.3
N1      24      10      N       N1      0       N       71      N.1     7       N1      N_1     23      1       N.2
Nox     26      8       N       N2      0       N       72      N.2     6       N2      N_2     6       2       N.3
Ntr     25      9       N       N2      0       N       72      N.2     6       N2      N_2     8       2       N.3
Ng+     35      8       N       N3+     0       N       79      N.4     31      N4      N_3     5       2       N.4
O3      16      6       O       O3      2       O       82      O.3     8       O3      O_3     10      3       O.4
Oes     16      6       O       O3      2       O       82      O.3     8       O3      O_2     11      3       O.4
O2      15      7       O       O2      0       O       81      O.2     9       O2      O_2     11      2       O.3
O-      20      7       O       O3      0       O       86      O.2     9       O2      O_3     26      2       O.R
S       52      16      S       S3      0       S       164     S.3     10      S3      S_3     12      3       S.2
S3+     49      16      S       S3      0       S       164     S.3     10      S3      S_3     12      3       S.4
S3      49      15      S       S3      0       S       164     S.3     10      S3      S_3     12      3       S.4
S2      49      17      S       S2      0       S       161     S.2     18      S2      S_2     13      2       S.3
Sac     49      17      S       SO      0       S       161     S.o     29      S3      S_3     12      2       S.4
Sox     49      18      S       SO2     0       S       161     S.o2    30      S3      S_3     12      2       S.4
S       49      15      S       S3      0       S       164     S.3     10      S3      S_3     12      3       S.2
Bac     54      27      B       Du      0       B       53      Du      26      Xx      Xx      20      0       B.0
Box     54      26      B       Du      0       B       53      Du      26      Xx      Xx      20      0       B.0
B       55      27      B       B       0       B       53      Du      26      Xx      Xx      20      0       B.0
Pac     53      25      P       P3      0       P       159     P.3     12      P3      P_3     14      2       P.4
P3      53      25      P       P3      0       P       159     P.3     12      P3      P_3     14      3       P.4
Pox     53      25      P       P3      0       P       159     P.3     12      P3      P_3     14      3       P.4
P3+     53      25      P       P3      0       P       154     P.3     12      P3      P_3     14      3       P.4
P       53      25      P       P3      0       P       159     P       12      P3      P_3     14      3       P.4
HC      41      5       H       H       0       H       11      H       13      H       H_      15      0       H.1
H-      45      5       H       H       0       H       11      H       13      H       H_      15      0       H.1
H       48      5       H       H       0       H       11      H       13      H       H_      15      0       H.1
H       48      5       D       H       0       H       12      H       13      H       H_      15      0       H.1
DC      48      36      D       H       0       D       19      H       13      D       H_      15      0       H.1
D       48      36      D       H       0       D       19      H       13      D       H_      15      0       H.1
F       56      11      F       F       0       F       91      F       16      F       F_      16      0       F.1
Cl      57      12      Cl      CL      0       L       171     Cl      15      Cl      Cl      17      0       Cl.1
Br      58      13      Br      BR      0       R       351     Br      14      Br      Br      18      0       Br.1
I       59      14      I       I       0       I       531     I       17      I       I_      19      0       I.1
Ge      62      31      GE      GE      0       E       324     Du      26      Ge      Ge3     20      0       Ge.4
Sn      62      32      SN      SN      0       X       504     Du      26      Sn      Xx      20      0       Sn.0
Pb      62      33      PB      PB      0       Z       824     Du      26      Pb      Xx      20      0       Pb.0
Se      62      34      SE      SE      0       Z       342     Du      26      Se      Se3     20      0       Se.4
Te      62      35      TE      TE      0       Z       0       Du      26      Te      Te3     20      0       Te.4
O       23      6       O       O       0       Z       82      O       8       O       O_3     10      0       O.4
Lp      63      20      LP      Lp      0       Z       10      LP      20      Lp      Xx      30      0       ep.1
C-      10      0       C       C2      0       C       61      C.2     2       C-3     Xx      2       0       C.4
C.      12      0       C       C2      0       C       0       C.2     2       C.3     Xx      2       0       C.3
NC      29      9       N       N2      0       N       72      N.2     6       N2      N_2     8       0       N.3
N2+     36      9       N       N2      0       N       78      N.2     6       N2      N_2     7       0       N.3
Z0      62      0       DU      Du      0       Z       0       Du      26      Xx      Xx      20      0       un.0
HO      42      21      H       H       0       H       11      H       13      H       H_HB    15      0       H.1
H+      44      5       H       H       0       H       11      H       13      H       H_      15      0       H.0
HN      43      23      H       H       0       H       11      H       13      H       H_HB    15      0       H.1
C3      3       22      H       H       0       C       64      H       13      C3      C_3     1       0       C.4
H       43      28      H       H       0       H       11      H       13      H       H_      15      0       H.1
Cx      62      29      C       C       0       C       64      C       1       Xx      Xx      20      0       un.0
N2      25      40      N       N2      0       N       72      N       6       N2      N_2     8       0       N.3
HO      42      24      O       H       0       O       11      O       13      H       H_HB    15      0       H.1
W       62      0       W       W       0       W       744     W       26      W       Xx      20      0       W.0
Car     2       2       C       Car     3       C       2       C.ar    3       C2      C_R     3       0       C.R
Nar     25      9       N       Nar     3       N       37      N.ar    11      N2      N_R     8       0       N.R
Nam     25      9       N       NPL3    3       N       9       N.am    28      N2      N_2     8       2       N.3
Na      25      9       NA      Na      0       Z       9       Na      21      NA      Xx      20      0       Na.6
K       0       0       K       K       0       Z       190     K       22      K       Xx      20      0       K.0
Ca      0       0       CA      Ca      0       Z       200     Ca      23      CA      Ca      20      0       Ca.6
Li      0       0       LI      Li      0       Z       97      Li      24      LI      Xx      20      0       Li.0
Al      0       0       AL      Al      0       Z       133     Al      25      AL      Al3     20      0       Al.6
Si      60      0       SI      Si      4       Z       19      Si      27      SI      Si3     20      0       Si.4
OCO2    18      47      O       O       1       O       47      O.co2   32      O2      O_2     11      0       O.3
C+      11      30      C       C2      3       C       2       C.cat   33      C+2     Xx      2       0       C.3
O2      15      41      O       O2      0       O       81      O.2     9       O2      O_2     11      0       O.R
Pd      62      464     Pd      Du      0       Z       464     Du      26      Du      Du      20      0       Pd.0
Pt      62      464     Pt      Du      0       Z       464     Du      26      Pt      Du      20      0       Pt.0
Ni      62      0       Ni      Du      0       M       284     Du      26      Ni      Ni      20      0       Ni.0
Cu      62      0       Cu      Du      0       M       000     Du      26      Cu      Cu      20      0       Cu.0
N4      32      39      N       N3+     4       N       79      N.4     31      N3      N_3     5       0       N.4

