1	H
2	H
3	H
4	H
5	Lp
6	Be
7	B
8	H
9	H
10	C
11	C
12	C
13	C
14	C
15	C
16	C
17	C
18	C
19	C
20	C
21	C
22	C
23	C
24	C
25	C
26	C
27	C
29	C
30	N
31	N
32	N
33	N
34	N
35	N
36	N
37	N
38	N
39	N
40	O
41	O
42	O
43	O
45	O
46	O
47	O
48	O
49	O
50	O
51	O
52	O
53	O
55	O
56	O
57	O
60	P
61	P
62	P
63	P
64	P
70	S
71	S
72	S
73	S
74	S
75	S
76	S
77	S
78	S
79	S
80	Li
81	Na
82	Mg
83	K
84	Ca
85	Mn
86	Fe
87	Zn
88	Rb
89	Cs
90	Si
91	Al
92	Fl
93	Cl
94	Br
95	I
96	Cu
97	V
98	Cr
99	Co
100	Ni
101	As
102	Se
103	Sr
104	Y
105	Zr
106	Nb
107	Mo
108	Ru
109	Rh
110	Pd
111	Ag
112	Cd
113	Sn
114	Sb
115	Ba
116	W
117	Os
118	Pt
119	Au
120	Hg
121	Pb
122	Bi
123	La
124	Ce
125	Pr
126	Ac
127	Th
128	U
129	Te
130	Po
131	At
132	Tc
133	Sc
134	Ti
135	Ga
136	Ge
137	In
138	Hf
139	Ta
140	Ir
141	Th
142	Fr
143	Ra
144	Nd
145	Pm
146	Sm
147	Eu
148	Gd
149	Tb
150	Dy
151	Ho
152	Er
153	Tm
154	Yb
155	Lu
156	Pa
157	Np
158	Pu
159	Am
160	Cu
161	Be
162	Cf
163	Es
164	Fm
165	Md
166	No
167	Lr
168	He
169	Ne
170	Ar	
171	Kr
172	Xe
173	Rn
174	Rf
175	Ha
176	Re
177	Si
180	N
181	N
182	N
183	N
184	N
185	N
186	N
189	C
190	C
191	C
192	C
193	C
194	C
195	C
196 	C
197	C
198	C
199	C
205	N
205	N
206	N
209	N
210	N
212	O
213	O
220	C
221	C
230	C
231	C
232	C
233	P
234	N
